<?xml version="1.0" encoding="UTF-8"?>
<!-- Generated by org.testng.reporters.JUnitXMLReporter -->
<testsuite hostname="water7878778-All-Series" failures="0" tests="4" name="Surefire test" time="11.202" errors="0" timestamp="30 Apr 2020 22:45:36 GMT">
  <testcase classname="notification.ContractVerifierTest" name="validate_getNotification on validate_getNotification(notification.ContractVerifierTest)" time="0.508"/>
  <testcase classname="notification.ContractVerifierTest" name="validate_newNotification on validate_newNotification(notification.ContractVerifierTest)" time="0.073"/>
  <testcase classname="notification.ContractVerifierTest" name="validate_ordering_getNotification on validate_ordering_getNotification(notification.ContractVerifierTest)" time="0.069"/>
  <testcase classname="notification.NotificationTest" name="testIndex on testIndex(notification.NotificationTest)" time="0.004"/>
</testsuite> <!-- Surefire test -->
