<?xml version="1.0" encoding="UTF-8"?>
<testng-results total="3" passed="3" failed="0" skipped="0">
  <reporter-output>
  </reporter-output>
  <suite started-at="2020-04-24T00:55:38Z" name="Surefire suite" finished-at="2020-04-24T00:55:49Z" duration-ms="11460">
    <groups>
    </groups>
    <test started-at="2020-04-24T00:55:38Z" name="Surefire test" finished-at="2020-04-24T00:55:49Z" duration-ms="11460">
      <class name="notification.NotificationTest">
        <test-method signature="testIndex()[pri:0, instance:testIndex(notification.NotificationTest)]" started-at="2020-04-24T08:55:49Z" name="testIndex" finished-at="2020-04-24T08:55:49Z" duration-ms="4" status="PASS">
          <reporter-output>
          </reporter-output>
        </test-method> <!-- testIndex -->
      </class> <!-- notification.NotificationTest -->
      <class name="notification.ContractVerifierTest">
        <test-method signature="validate_getNotification()[pri:0, instance:validate_getNotification(notification.ContractVerifierTest)]" started-at="2020-04-24T08:55:45Z" name="validate_getNotification" finished-at="2020-04-24T08:55:45Z" duration-ms="496" status="PASS">
          <reporter-output>
          </reporter-output>
        </test-method> <!-- validate_getNotification -->
        <test-method signature="validate_newNotification()[pri:0, instance:validate_newNotification(notification.ContractVerifierTest)]" started-at="2020-04-24T08:55:45Z" name="validate_newNotification" finished-at="2020-04-24T08:55:45Z" duration-ms="65" status="PASS">
          <reporter-output>
          </reporter-output>
        </test-method> <!-- validate_newNotification -->
      </class> <!-- notification.ContractVerifierTest -->
    </test> <!-- Surefire test -->
  </suite> <!-- Surefire suite -->
</testng-results>
